<?xml version="1.0" encoding="UTF-8"?>
<testng-results ignored="0" total="1" passed="1" failed="0" skipped="0">
  <reporter-output>
    <line>
      <![CDATA[====Connecting with the server====]]>
    </line>
    <line>
      <![CDATA[====Connecting with the database====]]>
    </line>
    <line>
      <![CDATA[====Close the connection with database====]]>
    </line>
    <line>
      <![CDATA[====Close the connection with server====]]>
    </line>
  </reporter-output>
  <suite started-at="2024-08-08T17:31:58Z" name="Default suite" finished-at="2024-08-08T17:32:18Z" duration-ms="19363">
    <groups>
    </groups>
    <test started-at="2024-08-08T17:31:58Z" name="Default test" finished-at="2024-08-08T17:32:18Z" duration-ms="19363">
      <class name="TestScript.InvalidLoginPage">
        <test-method is-config="true" signature="beforeSuite()[pri:0, instance:TestScript.InvalidLoginPage@3adcc812]" started-at="2024-08-08T17:31:58Z" name="beforeSuite" finished-at="2024-08-08T17:31:58Z" duration-ms="7" status="PASS">
          <reporter-output>
            <line>
              <![CDATA[====Connecting with the server====]]>
            </line>
          </reporter-output>
        </test-method> <!-- beforeSuite -->
        <test-method is-config="true" signature="beforeTest()[pri:0, instance:TestScript.InvalidLoginPage@3adcc812]" started-at="2024-08-08T17:31:58Z" name="beforeTest" finished-at="2024-08-08T17:31:58Z" duration-ms="0" status="PASS">
          <reporter-output>
            <line>
              <![CDATA[====Connecting with the database====]]>
            </line>
          </reporter-output>
        </test-method> <!-- beforeTest -->
        <test-method is-config="true" signature="launchBrowser()[pri:0, instance:TestScript.InvalidLoginPage@3adcc812]" started-at="2024-08-08T17:31:58Z" name="launchBrowser" finished-at="2024-08-08T17:32:02Z" duration-ms="3921" status="PASS">
          <reporter-output>
          </reporter-output>
        </test-method> <!-- launchBrowser -->
        <test-method signature="InvalidLogin()[pri:0, instance:TestScript.InvalidLoginPage@3adcc812]" started-at="2024-08-08T17:32:02Z" name="InvalidLogin" finished-at="2024-08-08T17:32:14Z" duration-ms="12253" status="PASS">
          <reporter-output>
          </reporter-output>
        </test-method> <!-- InvalidLogin -->
        <test-method is-config="true" signature="closeBrowser()[pri:0, instance:TestScript.InvalidLoginPage@3adcc812]" started-at="2024-08-08T17:32:14Z" name="closeBrowser" finished-at="2024-08-08T17:32:18Z" duration-ms="3178" status="PASS">
          <reporter-output>
          </reporter-output>
        </test-method> <!-- closeBrowser -->
        <test-method is-config="true" signature="afterTest()[pri:0, instance:TestScript.InvalidLoginPage@3adcc812]" started-at="2024-08-08T17:32:18Z" name="afterTest" finished-at="2024-08-08T17:32:18Z" duration-ms="0" status="PASS">
          <reporter-output>
            <line>
              <![CDATA[====Close the connection with database====]]>
            </line>
          </reporter-output>
        </test-method> <!-- afterTest -->
        <test-method is-config="true" signature="afterSuite()[pri:0, instance:TestScript.InvalidLoginPage@3adcc812]" started-at="2024-08-08T17:32:18Z" name="afterSuite" finished-at="2024-08-08T17:32:18Z" duration-ms="0" status="PASS">
          <reporter-output>
            <line>
              <![CDATA[====Close the connection with server====]]>
            </line>
          </reporter-output>
        </test-method> <!-- afterSuite -->
      </class> <!-- TestScript.InvalidLoginPage -->
    </test> <!-- Default test -->
  </suite> <!-- Default suite -->
</testng-results>
