<?xml version="1.0" encoding="UTF-8"?>
<!-- Generated by org.testng.reporters.JUnitXMLReporter -->
<testsuite ignored="0" hostname="LAPTOP-U69A4VMC" failures="1" tests="1" name="PIMTest" time="13.213" errors="0" timestamp="27 Jul 2024 12:31:02 GMT">
  <testcase classname="TestScript.PimNewEmployePage" name="NewEmploye" time="0.196">
    <failure type="java.lang.IllegalStateException" message="Cannot get a STRING value from a NUMERIC cell">
      <![CDATA[java.lang.IllegalStateException: Cannot get a STRING value from a NUMERIC cell
at org.apache.poi.xssf.usermodel.XSSFCell.typeMismatch(XSSFCell.java:1035)
at org.apache.poi.xssf.usermodel.XSSFCell.getRichStringCellValue(XSSFCell.java:390)
at org.apache.poi.xssf.usermodel.XSSFCell.getStringCellValue(XSSFCell.java:342)
at GenericLib.Flib.getDataFromExcelFile(Flib.java:32)
at TestScript.PimNewEmployePage.NewEmploye(PimNewEmployePage.java:20)
... Removed 23 stack frames]]>
    </failure>
  </testcase> <!-- NewEmploye -->
</testsuite> <!-- PIMTest -->
